[22-08-2017 05:54:39] BlockCypher\Core\BlockCypherHttpConnection: INFO	: POST https://api.blockcypher.com/v1/btc/test3/addrs?token=e6dc11f4817741b4a1092e9cca8504ed
[22-08-2017 05:54:40] BlockCypher\Core\BlockCypherHttpConnection: DEBUG	: Request Headers 	: POST /v1/btc/test3/addrs?token=e6dc11f4817741b4a1092e9cca8504ed HTTP/1.1, Host: api.blockcypher.com, Accept: */*, Content-Type: application/json, User-Agent: BlockCypherSDK/BlockCypher-PHP-SDK 1.2.1 (lang=PHP;v=7.1.8-2+ubuntu16.04.1+deb.sury.org+4;bit=64;os=Linux_4.4.0-51-generic;machine=x86_64;openssl=1.1.0f;curl=7.47.0), BlockCypher-Request-Id: 32322380902459150338127850693, Content-Length: 0, , 
[22-08-2017 05:54:40] BlockCypher\Core\BlockCypherHttpConnection: DEBUG	: No Request Payload
--------------------------------------------------------------------------------------------------------------------------------

[22-08-2017 05:54:40] BlockCypher\Core\BlockCypherHttpConnection: INFO	: Response Status 	: 201
[22-08-2017 05:54:40] BlockCypher\Core\BlockCypherHttpConnection: DEBUG	: Response Headers	: HTTP/1.1 201 Created, Server: nginx/1.11.10, Date: Tue, 22 Aug 2017 05:54:40 GMT, Content-Type: application/json, Content-Length: 281, Connection: keep-alive, Access-Control-Allow-Headers: Origin, X-Requested-With, Content-Type, Accept, Access-Control-Allow-Methods: GET, POST, PUT, DELETE, Access-Control-Allow-Origin: *, X-Ratelimit-Remaining: 198, , 
[22-08-2017 05:54:40] BlockCypher\Core\BlockCypherHttpConnection: DEBUG	: Response Data 	: {
  "private": "1cd1abd5b9ea91080c64a8d230f4382e3597b8565202b3d820d3b763315e7388",
  "public": "026d5cf5448940ce1aded18588c13009b299be8c6aa3186cad0924107ebc021ed7",
  "address": "mgaG5owKV1KbNENeJ5M343iyEBw9xsoasm",
  "wif": "cNYiqHHPK4X9z8EkFLniZPWCpfT13eNxECDQbznSn4uxemWcJrrH"
}

================================================================================================================================

[23-08-2017 05:01:57] BlockCypher\Validation\ModelAccessorValidator: DEBUG	: Missing Accessor: BlockCypher\Api\TX:setBlockIndex. You might be using older version of SDK. If not, create an issue at https://github.com/blockcypher/php-client/issues
[23-08-2017 05:01:57] BlockCypher\Validation\ModelAccessorValidator: DEBUG	: Missing Accessor: BlockCypher\Api\TX:setBlockIndex. You might be using older version of SDK. If not, create an issue at https://github.com/blockcypher/php-client/issues
[24-08-2017 01:48:58] BlockCypher\Core\BlockCypherHttpConnection: INFO	: POST https://api.blockcypher.com/v1/btc/main/txs/new?token=e6dc11f4817741b4a1092e9cca8504ed
[24-08-2017 01:48:59] BlockCypher\Core\BlockCypherHttpConnection: DEBUG	: Request Headers 	: POST /v1/btc/main/txs/new?token=e6dc11f4817741b4a1092e9cca8504ed HTTP/1.1, Host: api.blockcypher.com, Accept: */*, Content-Type: application/json, User-Agent: BlockCypherSDK/BlockCypher-PHP-SDK 1.5.0 (lang=PHP;v=7.1.8;bit=64;os=Windows_NT_10.0;machine=AMD64;openssl=1.0.2k;curl=7.54.1), BlockCypher-Request-Id: PEDROLUNA10648150353933763373, Content-Length: 143, , 
[24-08-2017 01:48:59] BlockCypher\Core\BlockCypherHttpConnection: DEBUG	: Request Data		: {"inputs":[{"addresses":["17eP2qnH38rvRFrM4Hs7PqLrAUPeAm1JAL"]}],"outputs":[{"addresses":["12MbApk7JwJWjWyozznH3Qc6uSSQHseAZ9"],"value":1000}]}
--------------------------------------------------------------------------------------------------------------------------------

[24-08-2017 01:48:59] BlockCypher\Core\BlockCypherHttpConnection: INFO	: Response Status 	: 201
[24-08-2017 01:48:59] BlockCypher\Core\BlockCypherHttpConnection: DEBUG	: Response Headers	: HTTP/1.1 201 Created, Server: nginx/1.13.4, Date: Thu, 24 Aug 2017 01:49:00 GMT, Content-Type: application/json, Content-Length: 1807, Connection: keep-alive, Access-Control-Allow-Headers: Origin, X-Requested-With, Content-Type, Accept, Access-Control-Allow-Methods: GET, POST, PUT, DELETE, Access-Control-Allow-Origin: *, X-Ratelimit-Remaining: 199, , 
[24-08-2017 01:48:59] BlockCypher\Core\BlockCypherHttpConnection: DEBUG	: Response Data 	: {
  "tx": {
    "block_height": -1,
    "block_index": -1,
    "hash": "2dc0fc86daaeedd2468be1b7ad8b51fd4500644450eb8424ac3c777676b9168b",
    "addresses": [
      "12MbApk7JwJWjWyozznH3Qc6uSSQHseAZ9",
      "17eP2qnH38rvRFrM4Hs7PqLrAUPeAm1JAL"
    ],
    "total": 87946,
    "fees": 187400,
    "size": 160,
    "preference": "high",
    "relayed_by": "187.189.148.109",
    "received": "2017-08-24T01:49:00.209201333Z",
    "ver": 1,
    "double_spend": false,
    "vin_sz": 2,
    "vout_sz": 2,
    "confirmations": 0,
    "inputs": [
      {
        "prev_hash": "6ac3f6a830c22b53683772460ddb4b6fd553c1cb5ea29723e5b8f27329ac41e0",
        "output_index": 1,
        "output_value": 30000,
        "sequence": 4294967295,
        "addresses": [
          "17eP2qnH38rvRFrM4Hs7PqLrAUPeAm1JAL"
        ],
        "age": 481625
      },
      {
        "prev_hash": "d225ce0e030e10e1082b870ca60b394b019b823e3a28af569dfea2973f7dcc28",
        "output_index": 0,
        "output_value": 245346,
        "sequence": 4294967295,
        "addresses": [
          "17eP2qnH38rvRFrM4Hs7PqLrAUPeAm1JAL"
        ],
        "age": 481663
      }
    ],
    "outputs": [
      {
        "value": 1000,
        "script": "76a9140edcf7d9eabea7d1ca8b127155514fc0bc9ecc8b88ac",
        "addresses": [
          "12MbApk7JwJWjWyozznH3Qc6uSSQHseAZ9"
        ],
        "script_type": "pay-to-pubkey-hash"
      },
      {
        "value": 86946,
        "script": "76a91448e2895582f07585dc80893e2e43c26859cd5df188ac",
        "addresses": [
          "17eP2qnH38rvRFrM4Hs7PqLrAUPeAm1JAL"
        ],
        "script_type": "pay-to-pubkey-hash"
      }
    ]
  },
  "tosign": [
    "60d3edfb5e4770f8b6ff530fd02f1d67d728cd4082d080345b866cc991d6cd53",
    "78950da203d348c7bb1af7affd0aad7d13d7f2b122280fefcea29d56e54f0577"
  ]
}

================================================================================================================================

[24-08-2017 01:48:59] BlockCypher\Validation\ModelAccessorValidator: DEBUG	: Missing Accessor: BlockCypher\Api\TX:setBlockIndex. You might be using older version of SDK. If not, create an issue at https://github.com/blockcypher/php-client/issues
[24-08-2017 01:48:59] BlockCypher\Validation\ModelAccessorValidator: DEBUG	: Missing Accessor: BlockCypher\Api\TX:setBlockIndex. You might be using older version of SDK. If not, create an issue at https://github.com/blockcypher/php-client/issues
[24-08-2017 01:49:58] BlockCypher\Core\BlockCypherHttpConnection: INFO	: POST https://api.blockcypher.com/v1/btc/main/txs/new?token=e6dc11f4817741b4a1092e9cca8504ed
[24-08-2017 01:49:58] BlockCypher\Core\BlockCypherHttpConnection: DEBUG	: Request Headers 	: POST /v1/btc/main/txs/new?token=e6dc11f4817741b4a1092e9cca8504ed HTTP/1.1, Host: api.blockcypher.com, Accept: */*, Content-Type: application/json, User-Agent: BlockCypherSDK/BlockCypher-PHP-SDK 1.5.0 (lang=PHP;v=7.1.8;bit=64;os=Windows_NT_10.0;machine=AMD64;openssl=1.0.2k;curl=7.54.1), BlockCypher-Request-Id: PEDROLUNA10648150353939749627, Content-Length: 143, , 
[24-08-2017 01:49:58] BlockCypher\Core\BlockCypherHttpConnection: DEBUG	: Request Data		: {"inputs":[{"addresses":["17eP2qnH38rvRFrM4Hs7PqLrAUPeAm1JAL"]}],"outputs":[{"addresses":["12MbApk7JwJWjWyozznH3Qc6uSSQHseAZ9"],"value":1000}]}
--------------------------------------------------------------------------------------------------------------------------------

[24-08-2017 01:49:58] BlockCypher\Core\BlockCypherHttpConnection: INFO	: Response Status 	: 201
[24-08-2017 01:49:58] BlockCypher\Core\BlockCypherHttpConnection: DEBUG	: Response Headers	: HTTP/1.1 201 Created, Server: nginx/1.11.10, Date: Thu, 24 Aug 2017 01:49:59 GMT, Content-Type: application/json, Content-Length: 1879, Connection: keep-alive, Access-Control-Allow-Headers: Origin, X-Requested-With, Content-Type, Accept, Access-Control-Allow-Methods: GET, POST, PUT, DELETE, Access-Control-Allow-Origin: *, X-Ratelimit-Remaining: 199, , 
[24-08-2017 01:49:58] BlockCypher\Core\BlockCypherHttpConnection: DEBUG	: Response Data 	: {
  "tx": {
    "block_height": -1,
    "block_index": -1,
    "hash": "2dc0fc86daaeedd2468be1b7ad8b51fd4500644450eb8424ac3c777676b9168b",
    "addresses": [
      "17eP2qnH38rvRFrM4Hs7PqLrAUPeAm1JAL",
      "12MbApk7JwJWjWyozznH3Qc6uSSQHseAZ9"
    ],
    "total": 87946,
    "fees": 187400,
    "size": 160,
    "preference": "high",
    "relayed_by": "187.189.148.109",
    "received": "2017-08-24T01:49:59.589606591Z",
    "ver": 1,
    "lock_time": 0,
    "double_spend": false,
    "vin_sz": 2,
    "vout_sz": 2,
    "confirmations": 0,
    "inputs": [
      {
        "prev_hash": "6ac3f6a830c22b53683772460ddb4b6fd553c1cb5ea29723e5b8f27329ac41e0",
        "output_index": 1,
        "script": "",
        "output_value": 30000,
        "sequence": 4294967295,
        "addresses": [
          "17eP2qnH38rvRFrM4Hs7PqLrAUPeAm1JAL"
        ],
        "script_type": ""
      },
      {
        "prev_hash": "d225ce0e030e10e1082b870ca60b394b019b823e3a28af569dfea2973f7dcc28",
        "output_index": 0,
        "script": "",
        "output_value": 245346,
        "sequence": 4294967295,
        "addresses": [
          "17eP2qnH38rvRFrM4Hs7PqLrAUPeAm1JAL"
        ],
        "script_type": ""
      }
    ],
    "outputs": [
      {
        "value": 1000,
        "script": "76a9140edcf7d9eabea7d1ca8b127155514fc0bc9ecc8b88ac",
        "addresses": [
          "12MbApk7JwJWjWyozznH3Qc6uSSQHseAZ9"
        ],
        "script_type": "pay-to-pubkey-hash"
      },
      {
        "value": 86946,
        "script": "76a91448e2895582f07585dc80893e2e43c26859cd5df188ac",
        "addresses": [
          "17eP2qnH38rvRFrM4Hs7PqLrAUPeAm1JAL"
        ],
        "script_type": "pay-to-pubkey-hash"
      }
    ]
  },
  "tosign": [
    "60d3edfb5e4770f8b6ff530fd02f1d67d728cd4082d080345b866cc991d6cd53",
    "78950da203d348c7bb1af7affd0aad7d13d7f2b122280fefcea29d56e54f0577"
  ]
}

================================================================================================================================

[24-08-2017 01:49:58] BlockCypher\Validation\ModelAccessorValidator: DEBUG	: Missing Accessor: BlockCypher\Api\TX:setBlockIndex. You might be using older version of SDK. If not, create an issue at https://github.com/blockcypher/php-client/issues
[24-08-2017 01:49:58] BlockCypher\Validation\ModelAccessorValidator: DEBUG	: Missing Accessor: BlockCypher\Api\TX:setBlockIndex. You might be using older version of SDK. If not, create an issue at https://github.com/blockcypher/php-client/issues
[24-08-2017 01:50:02] BlockCypher\Core\BlockCypherHttpConnection: INFO	: POST https://api.blockcypher.com/v1/btc/main/txs/send?token=e6dc11f4817741b4a1092e9cca8504ed
[24-08-2017 01:50:02] BlockCypher\Core\BlockCypherHttpConnection: DEBUG	: Request Headers 	: POST /v1/btc/main/txs/send?token=e6dc11f4817741b4a1092e9cca8504ed HTTP/1.1, Host: api.blockcypher.com, Accept: */*, Content-Type: application/json, User-Agent: BlockCypherSDK/BlockCypher-PHP-SDK 1.5.0 (lang=PHP;v=7.1.8;bit=64;os=Windows_NT_10.0;machine=AMD64;openssl=1.0.2k;curl=7.54.1), BlockCypher-Request-Id: PEDROLUNA10648150353939749627, Content-Length: 1814, Expect: 100-continue, , 
[24-08-2017 01:50:02] BlockCypher\Core\BlockCypherHttpConnection: DEBUG	: Request Data		: {"tx":{"block_height":-1,"block_index":-1,"hash":"2dc0fc86daaeedd2468be1b7ad8b51fd4500644450eb8424ac3c777676b9168b","addresses":["17eP2qnH38rvRFrM4Hs7PqLrAUPeAm1JAL","12MbApk7JwJWjWyozznH3Qc6uSSQHseAZ9"],"total":87946,"fees":187400,"size":160,"preference":"high","relayed_by":"187.189.148.109","received":"2017-08-24T01:49:59.589606591Z","ver":1,"lock_time":0,"double_spend":false,"vin_sz":2,"vout_sz":2,"confirmations":0,"inputs":[{"prev_hash":"6ac3f6a830c22b53683772460ddb4b6fd553c1cb5ea29723e5b8f27329ac41e0","output_index":1,"script":"","output_value":30000,"sequence":4294967295,"addresses":["17eP2qnH38rvRFrM4Hs7PqLrAUPeAm1JAL"],"script_type":""},{"prev_hash":"d225ce0e030e10e1082b870ca60b394b019b823e3a28af569dfea2973f7dcc28","output_index":0,"script":"","output_value":245346,"sequence":4294967295,"addresses":["17eP2qnH38rvRFrM4Hs7PqLrAUPeAm1JAL"],"script_type":""}],"outputs":[{"value":1000,"script":"76a9140edcf7d9eabea7d1ca8b127155514fc0bc9ecc8b88ac","addresses":["12MbApk7JwJWjWyozznH3Qc6uSSQHseAZ9"],"script_type":"pay-to-pubkey-hash"},{"value":86946,"script":"76a91448e2895582f07585dc80893e2e43c26859cd5df188ac","addresses":["17eP2qnH38rvRFrM4Hs7PqLrAUPeAm1JAL"],"script_type":"pay-to-pubkey-hash"}]},"tosign":["60d3edfb5e4770f8b6ff530fd02f1d67d728cd4082d080345b866cc991d6cd53","78950da203d348c7bb1af7affd0aad7d13d7f2b122280fefcea29d56e54f0577"],"signatures":["304402203fe40c7012d764813b123a47409ba34726b6e6587126278ff532fb6c3dbe08b10220676b5aa24bcfecc90f028c9e33398fe1b971324d8689166a890b15f168916335","3045022100b4629a1d966643735b278a23691d727bdfbeed2d166044dd579d923aafa4a97702207b353978de33668ad7f8b8b11fd63ba6e3d9ca4db8006664f6a4d3c084c85c57"],"pubkeys":["0253b7ab59e90b06f8afffcd203614a2767e88802167e907cc9f7977ea22ae459a","0253b7ab59e90b06f8afffcd203614a2767e88802167e907cc9f7977ea22ae459a"]}
--------------------------------------------------------------------------------------------------------------------------------

[24-08-2017 01:50:02] BlockCypher\Core\BlockCypherHttpConnection: INFO	: Response Status 	: 201
[24-08-2017 01:50:02] BlockCypher\Core\BlockCypherHttpConnection: DEBUG	: Response Headers	: HTTP/1.1 100 Continue, , HTTP/1.1 201 Created, Server: nginx/1.11.10, Date: Thu, 24 Aug 2017 01:50:04 GMT, Content-Type: application/json, Transfer-Encoding: chunked, Connection: keep-alive, Access-Control-Allow-Headers: Origin, X-Requested-With, Content-Type, Accept, Access-Control-Allow-Methods: GET, POST, PUT, DELETE, Access-Control-Allow-Origin: *, X-Ratelimit-Remaining: 198, , 
[24-08-2017 01:50:02] BlockCypher\Core\BlockCypherHttpConnection: DEBUG	: Response Data 	: {
  "tx": {
    "block_height": -1,
    "block_index": -1,
    "hash": "49d27fa9ae3fba90f3339c09f4e9ed7ff9b61ce6efb59441d09b1e6c0ad536a0",
    "addresses": [
      "17eP2qnH38rvRFrM4Hs7PqLrAUPeAm1JAL",
      "12MbApk7JwJWjWyozznH3Qc6uSSQHseAZ9"
    ],
    "total": 87946,
    "fees": 187400,
    "size": 373,
    "preference": "high",
    "relayed_by": "187.189.148.109",
    "received": "2017-08-24T01:50:04.037291976Z",
    "ver": 1,
    "lock_time": 0,
    "double_spend": false,
    "vin_sz": 2,
    "vout_sz": 2,
    "confirmations": 0,
    "inputs": [
      {
        "prev_hash": "6ac3f6a830c22b53683772460ddb4b6fd553c1cb5ea29723e5b8f27329ac41e0",
        "output_index": 1,
        "script": "47304402203fe40c7012d764813b123a47409ba34726b6e6587126278ff532fb6c3dbe08b10220676b5aa24bcfecc90f028c9e33398fe1b971324d8689166a890b15f16891633501210253b7ab59e90b06f8afffcd203614a2767e88802167e907cc9f7977ea22ae459a",
        "output_value": 30000,
        "sequence": 4294967295,
        "addresses": [
          "17eP2qnH38rvRFrM4Hs7PqLrAUPeAm1JAL"
        ],
        "script_type": "pay-to-pubkey-hash"
      },
      {
        "prev_hash": "d225ce0e030e10e1082b870ca60b394b019b823e3a28af569dfea2973f7dcc28",
        "output_index": 0,
        "script": "483045022100b4629a1d966643735b278a23691d727bdfbeed2d166044dd579d923aafa4a97702207b353978de33668ad7f8b8b11fd63ba6e3d9ca4db8006664f6a4d3c084c85c5701210253b7ab59e90b06f8afffcd203614a2767e88802167e907cc9f7977ea22ae459a",
        "output_value": 245346,
        "sequence": 4294967295,
        "addresses": [
          "17eP2qnH38rvRFrM4Hs7PqLrAUPeAm1JAL"
        ],
        "script_type": "pay-to-pubkey-hash"
      }
    ],
    "outputs": [
      {
        "value": 1000,
        "script": "76a9140edcf7d9eabea7d1ca8b127155514fc0bc9ecc8b88ac",
        "addresses": [
          "12MbApk7JwJWjWyozznH3Qc6uSSQHseAZ9"
        ],
        "script_type": "pay-to-pubkey-hash"
      },
      {
        "value": 86946,
        "script": "76a91448e2895582f07585dc80893e2e43c26859cd5df188ac",
        "addresses": [
          "17eP2qnH38rvRFrM4Hs7PqLrAUPeAm1JAL"
        ],
        "script_type": "pay-to-pubkey-hash"
      }
    ]
  },
  "tosign": [
    "",
    ""
  ]
}

================================================================================================================================

[24-08-2017 01:50:02] BlockCypher\Validation\ModelAccessorValidator: DEBUG	: Missing Accessor: BlockCypher\Api\TX:setBlockIndex. You might be using older version of SDK. If not, create an issue at https://github.com/blockcypher/php-client/issues
[24-08-2017 01:50:02] BlockCypher\Validation\ModelAccessorValidator: DEBUG	: Missing Accessor: BlockCypher\Api\TX:setBlockIndex. You might be using older version of SDK. If not, create an issue at https://github.com/blockcypher/php-client/issues
[13-09-2017 06:19:54] BlockCypher\Core\BlockCypherHttpConnection: INFO	: POST https://api.blockcypher.com/v1/btc/test3/addrs?token=
[13-09-2017 06:19:55] BlockCypher\Core\BlockCypherHttpConnection: DEBUG	: Request Headers 	: POST /v1/btc/test3/addrs?token= HTTP/1.1, Host: api.blockcypher.com, Accept: */*, Content-Type: application/json, User-Agent: BlockCypherSDK/BlockCypher-PHP-SDK 1.5.0 (lang=PHP;v=7.1.8-2+ubuntu16.04.1+deb.sury.org+4;bit=64;os=Linux_4.4.0-51-generic;machine=x86_64;openssl=1.1.0f;curl=7.47.0), BlockCypher-Request-Id: 32322380901879150532679363005, Content-Length: 0, , 
[13-09-2017 06:19:55] BlockCypher\Core\BlockCypherHttpConnection: DEBUG	: No Request Payload
--------------------------------------------------------------------------------------------------------------------------------

[13-09-2017 06:19:55] BlockCypher\Core\BlockCypherHttpConnection: INFO	: Response Status 	: 201
[13-09-2017 06:19:55] BlockCypher\Core\BlockCypherHttpConnection: DEBUG	: Response Headers	: HTTP/1.1 201 Created, Server: nginx/1.13.4, Date: Wed, 13 Sep 2017 18:19:55 GMT, Content-Type: application/json, Content-Length: 281, Connection: keep-alive, Access-Control-Allow-Headers: Origin, X-Requested-With, Content-Type, Accept, Access-Control-Allow-Methods: GET, POST, PUT, DELETE, Access-Control-Allow-Origin: *, X-Ratelimit-Remaining: 99, , 
[13-09-2017 06:19:55] BlockCypher\Core\BlockCypherHttpConnection: DEBUG	: Response Data 	: {
  "private": "8c616c88142b535b7ccfba97901b49ce7ff0c9d53aa5dbac1e1cd1b76dab5d1d",
  "public": "03481fcbdc015abd18806be69da0a58f949cc1902103862a13b2b18af4956a3d41",
  "address": "mmemnSFczqZuPgDYSg5Jdad1CPmHg8bb1R",
  "wif": "cSHamqJQR5oDX6rXS9pxjrQZwby6nhS4RFqVhYHwgJ5rZC5MZVTD"
}

================================================================================================================================

[14-09-2017 09:05:39] BlockCypher\Core\BlockCypherHttpConnection: INFO	: POST https://api.blockcypher.com/v1/btc/test3/addrs?token=e6dc11f4817741b4a1092e9cca8504ed
[14-09-2017 09:05:40] BlockCypher\Core\BlockCypherHttpConnection: DEBUG	: Request Headers 	: POST /v1/btc/test3/addrs?token=e6dc11f4817741b4a1092e9cca8504ed HTTP/1.1, Host: api.blockcypher.com, Accept: */*, Content-Type: application/json, User-Agent: BlockCypherSDK/BlockCypher-PHP-SDK 1.5.0 (lang=PHP;v=7.1.8-2+ubuntu16.04.1+deb.sury.org+4;bit=64;os=Linux_4.4.0-51-generic;machine=x86_64;openssl=1.1.0f;curl=7.47.0), BlockCypher-Request-Id: 32322380901714150542313813405, Content-Length: 0, , 
[14-09-2017 09:05:40] BlockCypher\Core\BlockCypherHttpConnection: DEBUG	: No Request Payload
--------------------------------------------------------------------------------------------------------------------------------

[14-09-2017 09:05:40] BlockCypher\Core\BlockCypherHttpConnection: INFO	: Response Status 	: 201
[14-09-2017 09:05:40] BlockCypher\Core\BlockCypherHttpConnection: DEBUG	: Response Headers	: HTTP/1.1 201 Created, Server: nginx/1.13.4, Date: Thu, 14 Sep 2017 21:05:42 GMT, Content-Type: application/json, Content-Length: 281, Connection: keep-alive, Access-Control-Allow-Headers: Origin, X-Requested-With, Content-Type, Accept, Access-Control-Allow-Methods: GET, POST, PUT, DELETE, Access-Control-Allow-Origin: *, X-Ratelimit-Remaining: 199, , 
[14-09-2017 09:05:40] BlockCypher\Core\BlockCypherHttpConnection: DEBUG	: Response Data 	: {
  "private": "d44510a219fba73dd583a6e96257ddf503739c2c8ddca81f11a3017c21192055",
  "public": "03b729614094ddf88470f996f786ef697f81c6d31388f2b8523e7f35f5f0d8225f",
  "address": "mniHGeeXpVUAYXEETZGWHVSSHssBATEmAH",
  "wif": "cUhKt9Fw6DcaCxu1QZnzoxa6iGZFKqFvQSxEWu9Z8EmzhTdbrdVm"
}

================================================================================================================================

[14-09-2017 09:20:08] BlockCypher\Core\BlockCypherHttpConnection: INFO	: GET https://api.blockcypher.com/v1/btc/test3/addrs/mniHGeeXpVUAYXEETZGWHVSSHssBATEmAH/balance?token=e6dc11f4817741b4a1092e9cca8504ed
[14-09-2017 09:20:09] BlockCypher\Core\BlockCypherHttpConnection: DEBUG	: Request Headers 	: GET /v1/btc/test3/addrs/mniHGeeXpVUAYXEETZGWHVSSHssBATEmAH/balance?token=e6dc11f4817741b4a1092e9cca8504ed HTTP/1.1, Host: api.blockcypher.com, Accept: */*, Content-Type: application/json, User-Agent: BlockCypherSDK/BlockCypher-PHP-SDK 1.5.0 (lang=PHP;v=7.1.8-2+ubuntu16.04.1+deb.sury.org+4;bit=64;os=Linux_4.4.0-51-generic;machine=x86_64;openssl=1.1.0f;curl=7.47.0), , 
[14-09-2017 09:20:09] BlockCypher\Core\BlockCypherHttpConnection: DEBUG	: No Request Payload
--------------------------------------------------------------------------------------------------------------------------------

[14-09-2017 09:20:09] BlockCypher\Core\BlockCypherHttpConnection: INFO	: Response Status 	: 200
[14-09-2017 09:20:09] BlockCypher\Core\BlockCypherHttpConnection: DEBUG	: Response Headers	: HTTP/1.1 200 OK, Server: nginx/1.13.4, Date: Thu, 14 Sep 2017 21:20:11 GMT, Content-Type: application/json, Content-Length: 218, Connection: keep-alive, Access-Control-Allow-Headers: Origin, X-Requested-With, Content-Type, Accept, Access-Control-Allow-Methods: GET, POST, PUT, DELETE, Access-Control-Allow-Origin: *, X-Ratelimit-Remaining: 198, , 
[14-09-2017 09:20:09] BlockCypher\Core\BlockCypherHttpConnection: DEBUG	: Response Data 	: {
  "address": "mniHGeeXpVUAYXEETZGWHVSSHssBATEmAH",
  "total_received": 0,
  "total_sent": 0,
  "balance": 0,
  "unconfirmed_balance": 0,
  "final_balance": 0,
  "n_tx": 0,
  "unconfirmed_n_tx": 0,
  "final_n_tx": 0
}

================================================================================================================================

[14-09-2017 09:24:41] BlockCypher\Core\BlockCypherHttpConnection: INFO	: POST https://api.blockcypher.com/v1/btc/test3/addrs?token=e6dc11f4817741b4a1092e9cca8504ed
[14-09-2017 09:24:42] BlockCypher\Core\BlockCypherHttpConnection: DEBUG	: Request Headers 	: POST /v1/btc/test3/addrs?token=e6dc11f4817741b4a1092e9cca8504ed HTTP/1.1, Host: api.blockcypher.com, Accept: */*, Content-Type: application/json, User-Agent: BlockCypherSDK/BlockCypher-PHP-SDK 1.5.0 (lang=PHP;v=7.1.8-2+ubuntu16.04.1+deb.sury.org+4;bit=64;os=Linux_4.4.0-51-generic;machine=x86_64;openssl=1.1.0f;curl=7.47.0), BlockCypher-Request-Id: 32322380901715150542428133866, Content-Length: 0, , 
[14-09-2017 09:24:42] BlockCypher\Core\BlockCypherHttpConnection: DEBUG	: No Request Payload
--------------------------------------------------------------------------------------------------------------------------------

[14-09-2017 09:24:42] BlockCypher\Core\BlockCypherHttpConnection: INFO	: Response Status 	: 201
[14-09-2017 09:24:42] BlockCypher\Core\BlockCypherHttpConnection: DEBUG	: Response Headers	: HTTP/1.1 201 Created, Server: nginx/1.13.4, Date: Thu, 14 Sep 2017 21:24:44 GMT, Content-Type: application/json, Content-Length: 281, Connection: keep-alive, Access-Control-Allow-Headers: Origin, X-Requested-With, Content-Type, Accept, Access-Control-Allow-Methods: GET, POST, PUT, DELETE, Access-Control-Allow-Origin: *, X-Ratelimit-Remaining: 197, , 
[14-09-2017 09:24:42] BlockCypher\Core\BlockCypherHttpConnection: DEBUG	: Response Data 	: {
  "private": "8e593ad7c0ccd6eb7d245fe1a34351d844872b8fd995dd0e0a9738381effa297",
  "public": "029d9094fff9debc9434156f3ec83a89867771228aaa97cd7eff193b14874c5e4b",
  "address": "mw9VMozf1MJJpDHmncgXfZnwDyeeNMqJNA",
  "wif": "cSMQeswsF9L13EnnYw2j5Y1CfGEZR8hpD4G9C6T9fpGNhMnu7qc8"
}

================================================================================================================================

[14-09-2017 09:52:43] BlockCypher\Core\BlockCypherHttpConnection: INFO	: POST https://api.blockcypher.com/v1/btc/test3/wallets?token=e6dc11f4817741b4a1092e9cca8504ed
[14-09-2017 09:52:44] BlockCypher\Core\BlockCypherHttpConnection: DEBUG	: Request Headers 	: POST /v1/btc/test3/wallets?token=e6dc11f4817741b4a1092e9cca8504ed HTTP/1.1, Host: api.blockcypher.com, Accept: */*, Content-Type: application/json, User-Agent: BlockCypherSDK/BlockCypher-PHP-SDK 1.5.0 (lang=PHP;v=7.1.8-2+ubuntu16.04.1+deb.sury.org+4;bit=64;os=Linux_4.4.0-51-generic;machine=x86_64;openssl=1.1.0f;curl=7.47.0), BlockCypher-Request-Id: 32322380901714150542596210807, Content-Length: 70, , 
[14-09-2017 09:52:44] BlockCypher\Core\BlockCypherHttpConnection: DEBUG	: Request Data		: {"name":"PedroDev","addresses":["mw9VMozf1MJJpDHmncgXfZnwDyeeNMqJNA"]}
--------------------------------------------------------------------------------------------------------------------------------

[14-09-2017 09:52:44] BlockCypher\Core\BlockCypherHttpConnection: INFO	: Response Status 	: 201
[14-09-2017 09:52:44] BlockCypher\Core\BlockCypherHttpConnection: DEBUG	: Response Headers	: HTTP/1.1 201 Created, Server: nginx/1.13.4, Date: Thu, 14 Sep 2017 21:52:46 GMT, Content-Type: application/json, Content-Length: 134, Connection: keep-alive, Access-Control-Allow-Headers: Origin, X-Requested-With, Content-Type, Accept, Access-Control-Allow-Methods: GET, POST, PUT, DELETE, Access-Control-Allow-Origin: *, X-Ratelimit-Remaining: 198, , 
[14-09-2017 09:52:44] BlockCypher\Core\BlockCypherHttpConnection: DEBUG	: Response Data 	: {
  "token": "e6dc11f4817741b4a1092e9cca8504ed",
  "name": "PedroDev",
  "addresses": [
    "mw9VMozf1MJJpDHmncgXfZnwDyeeNMqJNA"
  ]
}

================================================================================================================================

[14-09-2017 11:51:03] BlockCypher\Core\BlockCypherHttpConnection: INFO	: POST https://api.blockcypher.com/v1/btc/test3/addrs?token=e6dc11f4817741b4a1092e9cca8504ed
[14-09-2017 11:51:04] BlockCypher\Core\BlockCypherHttpConnection: DEBUG	: Request Headers 	: POST /v1/btc/test3/addrs?token=e6dc11f4817741b4a1092e9cca8504ed HTTP/1.1, Host: api.blockcypher.com, Accept: */*, Content-Type: application/json, User-Agent: BlockCypherSDK/BlockCypher-PHP-SDK 1.5.0 (lang=PHP;v=7.1.8-2+ubuntu16.04.1+deb.sury.org+4;bit=64;os=Linux_4.4.0-51-generic;machine=x86_64;openssl=1.1.0f;curl=7.47.0), BlockCypher-Request-Id: 32322380901715150543306251444, Content-Length: 0, , 
[14-09-2017 11:51:04] BlockCypher\Core\BlockCypherHttpConnection: DEBUG	: No Request Payload
--------------------------------------------------------------------------------------------------------------------------------

[14-09-2017 11:51:04] BlockCypher\Core\BlockCypherHttpConnection: INFO	: Response Status 	: 201
[14-09-2017 11:51:04] BlockCypher\Core\BlockCypherHttpConnection: DEBUG	: Response Headers	: HTTP/1.1 201 Created, Server: nginx/1.13.4, Date: Thu, 14 Sep 2017 23:51:06 GMT, Content-Type: application/json, Content-Length: 281, Connection: keep-alive, Access-Control-Allow-Headers: Origin, X-Requested-With, Content-Type, Accept, Access-Control-Allow-Methods: GET, POST, PUT, DELETE, Access-Control-Allow-Origin: *, X-Ratelimit-Remaining: 199, , 
[14-09-2017 11:51:04] BlockCypher\Core\BlockCypherHttpConnection: DEBUG	: Response Data 	: {
  "private": "0ed4597834266de22fc095220903359a32e59bf8390d99fc7c5be605266dce72",
  "public": "0398cc43c3f4429a0469d8d6e1a847f700f49715003ed0a4f492d23dffa792ecf9",
  "address": "n3fLM2pVgnPxQjqhjnQWsPUMqsomvK49Tn",
  "wif": "cN5XbDxyzgQ6Vg5XahckeJY5MvpnbnD5RAG4JtCEBYzbkzVqkCZv"
}

================================================================================================================================

[14-09-2017 11:56:35] BlockCypher\Core\BlockCypherHttpConnection: INFO	: POST https://api.blockcypher.com/v1/btc/test3/addrs?token=e6dc11f4817741b4a1092e9cca8504ed
[14-09-2017 11:56:36] BlockCypher\Core\BlockCypherHttpConnection: DEBUG	: Request Headers 	: POST /v1/btc/test3/addrs?token=e6dc11f4817741b4a1092e9cca8504ed HTTP/1.1, Host: api.blockcypher.com, Accept: */*, Content-Type: application/json, User-Agent: BlockCypherSDK/BlockCypher-PHP-SDK 1.5.0 (lang=PHP;v=7.1.8-2+ubuntu16.04.1+deb.sury.org+4;bit=64;os=Linux_4.4.0-51-generic;machine=x86_64;openssl=1.1.0f;curl=7.47.0), BlockCypher-Request-Id: 32322380901714150543339459353, Content-Length: 0, , 
[14-09-2017 11:56:36] BlockCypher\Core\BlockCypherHttpConnection: DEBUG	: No Request Payload
--------------------------------------------------------------------------------------------------------------------------------

[14-09-2017 11:56:36] BlockCypher\Core\BlockCypherHttpConnection: INFO	: Response Status 	: 201
[14-09-2017 11:56:36] BlockCypher\Core\BlockCypherHttpConnection: DEBUG	: Response Headers	: HTTP/1.1 201 Created, Server: nginx/1.13.4, Date: Thu, 14 Sep 2017 23:56:38 GMT, Content-Type: application/json, Content-Length: 281, Connection: keep-alive, Access-Control-Allow-Headers: Origin, X-Requested-With, Content-Type, Accept, Access-Control-Allow-Methods: GET, POST, PUT, DELETE, Access-Control-Allow-Origin: *, X-Ratelimit-Remaining: 198, , 
[14-09-2017 11:56:36] BlockCypher\Core\BlockCypherHttpConnection: DEBUG	: Response Data 	: {
  "private": "07409161f42b37b2fe439db63a3b5863751043422967882cb9bfcc6e5e9e25bf",
  "public": "02c69bc07d19dfce108363e97e1b84fc57c59aaa54bf20e03c473bbe7f6785eb2d",
  "address": "mismLu47NvrEy21JPmk26KPnPsWwH4cqpR",
  "wif": "cMpoJ7AajMTMdE84aTh6kBApFAYFPa3YjiKLY5oQLibDhL4xRZax"
}

================================================================================================================================

[14-09-2017 11:57:18] BlockCypher\Core\BlockCypherHttpConnection: INFO	: POST https://api.blockcypher.com/v1/btc/test3/addrs?token=e6dc11f4817741b4a1092e9cca8504ed
[14-09-2017 11:57:19] BlockCypher\Core\BlockCypherHttpConnection: DEBUG	: Request Headers 	: POST /v1/btc/test3/addrs?token=e6dc11f4817741b4a1092e9cca8504ed HTTP/1.1, Host: api.blockcypher.com, Accept: */*, Content-Type: application/json, User-Agent: BlockCypherSDK/BlockCypher-PHP-SDK 1.5.0 (lang=PHP;v=7.1.8-2+ubuntu16.04.1+deb.sury.org+4;bit=64;os=Linux_4.4.0-51-generic;machine=x86_64;openssl=1.1.0f;curl=7.47.0), BlockCypher-Request-Id: 32322380901715150543343713507, Content-Length: 0, , 
[14-09-2017 11:57:19] BlockCypher\Core\BlockCypherHttpConnection: DEBUG	: No Request Payload
--------------------------------------------------------------------------------------------------------------------------------

[14-09-2017 11:57:19] BlockCypher\Core\BlockCypherHttpConnection: INFO	: Response Status 	: 201
[14-09-2017 11:57:19] BlockCypher\Core\BlockCypherHttpConnection: DEBUG	: Response Headers	: HTTP/1.1 201 Created, Server: nginx/1.13.4, Date: Thu, 14 Sep 2017 23:57:20 GMT, Content-Type: application/json, Content-Length: 281, Connection: keep-alive, Access-Control-Allow-Headers: Origin, X-Requested-With, Content-Type, Accept, Access-Control-Allow-Methods: GET, POST, PUT, DELETE, Access-Control-Allow-Origin: *, X-Ratelimit-Remaining: 199, , 
[14-09-2017 11:57:19] BlockCypher\Core\BlockCypherHttpConnection: DEBUG	: Response Data 	: {
  "private": "01ced072317602dd40b69449f7dee9380edc2577877a12b161c619a6d84eee7c",
  "public": "0352133a18ec48ee5d442deead50eb7af5b5e4d2cc4177f2013114f173435b835d",
  "address": "mw7xjfyEWdBKAJ5oXTkzBtZzGtspiGyMVv",
  "wif": "cMeDUYJaDoraB79quDEWHfQVH1DEbPwqh41VtfmH5Lj7LJoekvRU"
}

================================================================================================================================

[14-09-2017 11:57:19] BlockCypher\Core\BlockCypherHttpConnection: INFO	: POST https://api.blockcypher.com/v1/btc/test3/wallets?token=e6dc11f4817741b4a1092e9cca8504ed
[14-09-2017 11:57:19] BlockCypher\Core\BlockCypherHttpConnection: DEBUG	: Request Headers 	: POST /v1/btc/test3/wallets?token=e6dc11f4817741b4a1092e9cca8504ed HTTP/1.1, Host: api.blockcypher.com, Accept: */*, Content-Type: application/json, User-Agent: BlockCypherSDK/BlockCypher-PHP-SDK 1.5.0 (lang=PHP;v=7.1.8-2+ubuntu16.04.1+deb.sury.org+4;bit=64;os=Linux_4.4.0-51-generic;machine=x86_64;openssl=1.1.0f;curl=7.47.0), BlockCypher-Request-Id: 32322380901715150543343713507, Content-Length: 70, , 
[14-09-2017 11:57:19] BlockCypher\Core\BlockCypherHttpConnection: DEBUG	: Request Data		: {"name":"PedroDev","addresses":["mw7xjfyEWdBKAJ5oXTkzBtZzGtspiGyMVv"]}
--------------------------------------------------------------------------------------------------------------------------------

[14-09-2017 11:57:19] BlockCypher\Core\BlockCypherHttpConnection: INFO	: Response Status 	: 409
[14-09-2017 11:57:19] BlockCypher\Core\BlockCypherHttpConnection: DEBUG	: Response Headers	: HTTP/1.1 409 Conflict, Server: nginx/1.13.4, Date: Thu, 14 Sep 2017 23:57:21 GMT, Content-Type: application/json, Content-Length: 33, Connection: keep-alive, Access-Control-Allow-Headers: Origin, X-Requested-With, Content-Type, Accept, Access-Control-Allow-Methods: GET, POST, PUT, DELETE, Access-Control-Allow-Origin: *, X-Ratelimit-Remaining: 198, , 
[14-09-2017 11:57:19] BlockCypher\Core\BlockCypherHttpConnection: ERROR	: Got Http response code 409 when accessing https://api.blockcypher.com/v1/btc/test3/wallets?token=e6dc11f4817741b4a1092e9cca8504ed. {"error": "Error: wallet exists"}
[14-09-2017 11:57:19] BlockCypher\Core\BlockCypherHttpConnection: DEBUG	: 

================================================================================================================================

[14-09-2017 11:57:49] BlockCypher\Core\BlockCypherHttpConnection: INFO	: POST https://api.blockcypher.com/v1/btc/test3/addrs?token=e6dc11f4817741b4a1092e9cca8504ed
[14-09-2017 11:57:49] BlockCypher\Core\BlockCypherHttpConnection: DEBUG	: Request Headers 	: POST /v1/btc/test3/addrs?token=e6dc11f4817741b4a1092e9cca8504ed HTTP/1.1, Host: api.blockcypher.com, Accept: */*, Content-Type: application/json, User-Agent: BlockCypherSDK/BlockCypher-PHP-SDK 1.5.0 (lang=PHP;v=7.1.8-2+ubuntu16.04.1+deb.sury.org+4;bit=64;os=Linux_4.4.0-51-generic;machine=x86_64;openssl=1.1.0f;curl=7.47.0), BlockCypher-Request-Id: 32322380901714150543346715184, Content-Length: 0, , 
[14-09-2017 11:57:49] BlockCypher\Core\BlockCypherHttpConnection: DEBUG	: No Request Payload
--------------------------------------------------------------------------------------------------------------------------------

[14-09-2017 11:57:49] BlockCypher\Core\BlockCypherHttpConnection: INFO	: Response Status 	: 201
[14-09-2017 11:57:49] BlockCypher\Core\BlockCypherHttpConnection: DEBUG	: Response Headers	: HTTP/1.1 201 Created, Server: nginx/1.13.4, Date: Thu, 14 Sep 2017 23:57:51 GMT, Content-Type: application/json, Content-Length: 281, Connection: keep-alive, Access-Control-Allow-Headers: Origin, X-Requested-With, Content-Type, Accept, Access-Control-Allow-Methods: GET, POST, PUT, DELETE, Access-Control-Allow-Origin: *, X-Ratelimit-Remaining: 197, , 
[14-09-2017 11:57:49] BlockCypher\Core\BlockCypherHttpConnection: DEBUG	: Response Data 	: {
  "private": "f2a56836c7a37f3066739064538bb323825abec72343f0b531245942bd544b6b",
  "public": "02d3f889d193a83f74f846943aa652cbcaa0391c219ba81355a83f380c348709e3",
  "address": "mkJWnJfUpmVtsZsE6d1CkNJ5s2yMsBW1QN",
  "wif": "cViNeN9mirCwfRAUDaXmUSeGcgJsySRVjSfUDhNdQJrgNpbRCvbc"
}

================================================================================================================================

[14-09-2017 11:57:49] BlockCypher\Core\BlockCypherHttpConnection: INFO	: POST https://api.blockcypher.com/v1/btc/test3/wallets?token=e6dc11f4817741b4a1092e9cca8504ed
[14-09-2017 11:57:50] BlockCypher\Core\BlockCypherHttpConnection: DEBUG	: Request Headers 	: POST /v1/btc/test3/wallets?token=e6dc11f4817741b4a1092e9cca8504ed HTTP/1.1, Host: api.blockcypher.com, Accept: */*, Content-Type: application/json, User-Agent: BlockCypherSDK/BlockCypher-PHP-SDK 1.5.0 (lang=PHP;v=7.1.8-2+ubuntu16.04.1+deb.sury.org+4;bit=64;os=Linux_4.4.0-51-generic;machine=x86_64;openssl=1.1.0f;curl=7.47.0), BlockCypher-Request-Id: 32322380901714150543346715184, Content-Length: 70, , 
[14-09-2017 11:57:50] BlockCypher\Core\BlockCypherHttpConnection: DEBUG	: Request Data		: {"name":"PedroDev","addresses":["mkJWnJfUpmVtsZsE6d1CkNJ5s2yMsBW1QN"]}
--------------------------------------------------------------------------------------------------------------------------------

[14-09-2017 11:57:50] BlockCypher\Core\BlockCypherHttpConnection: INFO	: Response Status 	: 409
[14-09-2017 11:57:50] BlockCypher\Core\BlockCypherHttpConnection: DEBUG	: Response Headers	: HTTP/1.1 409 Conflict, Server: nginx/1.13.4, Date: Thu, 14 Sep 2017 23:57:52 GMT, Content-Type: application/json, Content-Length: 33, Connection: keep-alive, Access-Control-Allow-Headers: Origin, X-Requested-With, Content-Type, Accept, Access-Control-Allow-Methods: GET, POST, PUT, DELETE, Access-Control-Allow-Origin: *, X-Ratelimit-Remaining: 196, , 
[14-09-2017 11:57:50] BlockCypher\Core\BlockCypherHttpConnection: ERROR	: Got Http response code 409 when accessing https://api.blockcypher.com/v1/btc/test3/wallets?token=e6dc11f4817741b4a1092e9cca8504ed. {"error": "Error: wallet exists"}
[14-09-2017 11:57:50] BlockCypher\Core\BlockCypherHttpConnection: DEBUG	: 

================================================================================================================================

[15-09-2017 12:02:38] BlockCypher\Core\BlockCypherHttpConnection: INFO	: POST https://api.blockcypher.com/v1/btc/test3/addrs?token=e6dc11f4817741b4a1092e9cca8504ed
[15-09-2017 12:02:39] BlockCypher\Core\BlockCypherHttpConnection: DEBUG	: Request Headers 	: POST /v1/btc/test3/addrs?token=e6dc11f4817741b4a1092e9cca8504ed HTTP/1.1, Host: api.blockcypher.com, Accept: */*, Content-Type: application/json, User-Agent: BlockCypherSDK/BlockCypher-PHP-SDK 1.5.0 (lang=PHP;v=7.1.8-2+ubuntu16.04.1+deb.sury.org+4;bit=64;os=Linux_4.4.0-51-generic;machine=x86_64;openssl=1.1.0f;curl=7.47.0), BlockCypher-Request-Id: 32322380901715150543375760160, Content-Length: 0, , 
[15-09-2017 12:02:39] BlockCypher\Core\BlockCypherHttpConnection: DEBUG	: No Request Payload
--------------------------------------------------------------------------------------------------------------------------------

[15-09-2017 12:02:39] BlockCypher\Core\BlockCypherHttpConnection: INFO	: Response Status 	: 201
[15-09-2017 12:02:39] BlockCypher\Core\BlockCypherHttpConnection: DEBUG	: Response Headers	: HTTP/1.1 201 Created, Server: nginx/1.13.4, Date: Fri, 15 Sep 2017 00:02:41 GMT, Content-Type: application/json, Content-Length: 281, Connection: keep-alive, Access-Control-Allow-Headers: Origin, X-Requested-With, Content-Type, Accept, Access-Control-Allow-Methods: GET, POST, PUT, DELETE, Access-Control-Allow-Origin: *, X-Ratelimit-Remaining: 199, , 
[15-09-2017 12:02:39] BlockCypher\Core\BlockCypherHttpConnection: DEBUG	: Response Data 	: {
  "private": "76e5479aadaf570d4a42f907e01382c40bbc1b4180756ddee4274d95a3c75151",
  "public": "02b8dfbcdd76de95e911b9801ad6c30695544167e8673bf382d5654d153a12260b",
  "address": "mhyMhQmzdMDW2xu6yW9QgRLniSp79tqs6P",
  "wif": "cRZpU2jhKTrFVbTynZfzTQWukkPjcMEbPAmaBeY5ZuFzCoLqWeqB"
}

================================================================================================================================

[15-09-2017 12:02:39] BlockCypher\Core\BlockCypherHttpConnection: INFO	: POST https://api.blockcypher.com/v1/btc/test3/wallets?token=e6dc11f4817741b4a1092e9cca8504ed
[15-09-2017 12:02:40] BlockCypher\Core\BlockCypherHttpConnection: DEBUG	: Request Headers 	: POST /v1/btc/test3/wallets?token=e6dc11f4817741b4a1092e9cca8504ed HTTP/1.1, Host: api.blockcypher.com, Accept: */*, Content-Type: application/json, User-Agent: BlockCypherSDK/BlockCypher-PHP-SDK 1.5.0 (lang=PHP;v=7.1.8-2+ubuntu16.04.1+deb.sury.org+4;bit=64;os=Linux_4.4.0-51-generic;machine=x86_64;openssl=1.1.0f;curl=7.47.0), BlockCypher-Request-Id: 32322380901715150543375760160, Content-Length: 80, , 
[15-09-2017 12:02:40] BlockCypher\Core\BlockCypherHttpConnection: DEBUG	: Request Data		: {"name":"jjorge@example.com","addresses":["mhyMhQmzdMDW2xu6yW9QgRLniSp79tqs6P"]}
--------------------------------------------------------------------------------------------------------------------------------

[15-09-2017 12:02:40] BlockCypher\Core\BlockCypherHttpConnection: INFO	: Response Status 	: 201
[15-09-2017 12:02:40] BlockCypher\Core\BlockCypherHttpConnection: DEBUG	: Response Headers	: HTTP/1.1 201 Created, Server: nginx/1.13.4, Date: Fri, 15 Sep 2017 00:02:42 GMT, Content-Type: application/json, Content-Length: 144, Connection: keep-alive, Access-Control-Allow-Headers: Origin, X-Requested-With, Content-Type, Accept, Access-Control-Allow-Methods: GET, POST, PUT, DELETE, Access-Control-Allow-Origin: *, X-Ratelimit-Remaining: 199, , 
[15-09-2017 12:02:40] BlockCypher\Core\BlockCypherHttpConnection: DEBUG	: Response Data 	: {
  "token": "e6dc11f4817741b4a1092e9cca8504ed",
  "name": "jjorge@example.com",
  "addresses": [
    "mhyMhQmzdMDW2xu6yW9QgRLniSp79tqs6P"
  ]
}

================================================================================================================================

[15-09-2017 12:04:42] BlockCypher\Core\BlockCypherHttpConnection: INFO	: POST https://api.blockcypher.com/v1/btc/test3/addrs?token=e6dc11f4817741b4a1092e9cca8504ed
[15-09-2017 12:04:43] BlockCypher\Core\BlockCypherHttpConnection: DEBUG	: Request Headers 	: POST /v1/btc/test3/addrs?token=e6dc11f4817741b4a1092e9cca8504ed HTTP/1.1, Host: api.blockcypher.com, Accept: */*, Content-Type: application/json, User-Agent: BlockCypherSDK/BlockCypher-PHP-SDK 1.5.0 (lang=PHP;v=7.1.8-2+ubuntu16.04.1+deb.sury.org+4;bit=64;os=Linux_4.4.0-51-generic;machine=x86_64;openssl=1.1.0f;curl=7.47.0), BlockCypher-Request-Id: 3232238090171415054338816989, Content-Length: 0, , 
[15-09-2017 12:04:43] BlockCypher\Core\BlockCypherHttpConnection: DEBUG	: No Request Payload
--------------------------------------------------------------------------------------------------------------------------------

[15-09-2017 12:04:43] BlockCypher\Core\BlockCypherHttpConnection: INFO	: Response Status 	: 201
[15-09-2017 12:04:43] BlockCypher\Core\BlockCypherHttpConnection: DEBUG	: Response Headers	: HTTP/1.1 201 Created, Server: nginx/1.13.4, Date: Fri, 15 Sep 2017 00:04:45 GMT, Content-Type: application/json, Content-Length: 281, Connection: keep-alive, Access-Control-Allow-Headers: Origin, X-Requested-With, Content-Type, Accept, Access-Control-Allow-Methods: GET, POST, PUT, DELETE, Access-Control-Allow-Origin: *, X-Ratelimit-Remaining: 197, , 
[15-09-2017 12:04:43] BlockCypher\Core\BlockCypherHttpConnection: DEBUG	: Response Data 	: {
  "private": "67deb8e9f59e897352443f52c5ff9cd151e450f2235ffce4ff93eecf072ef4df",
  "public": "039700094d6e3f55a6352bedeea6bdadc5f715dc91aa986eee93c1d9c8eebe67b5",
  "address": "mtrsyGu1oou4g82sepD3QbYTU4NRxBSF1W",
  "wif": "cR4cQtHPzmG49K6SFtdZncR4U7FeGZd1qpWdreNUK6JgAhLBpyoq"
}

================================================================================================================================

[15-09-2017 12:04:43] BlockCypher\Core\BlockCypherHttpConnection: INFO	: POST https://api.blockcypher.com/v1/btc/test3/wallets?token=e6dc11f4817741b4a1092e9cca8504ed
[15-09-2017 12:04:43] BlockCypher\Core\BlockCypherHttpConnection: DEBUG	: Request Headers 	: POST /v1/btc/test3/wallets?token=e6dc11f4817741b4a1092e9cca8504ed HTTP/1.1, Host: api.blockcypher.com, Accept: */*, Content-Type: application/json, User-Agent: BlockCypherSDK/BlockCypher-PHP-SDK 1.5.0 (lang=PHP;v=7.1.8-2+ubuntu16.04.1+deb.sury.org+4;bit=64;os=Linux_4.4.0-51-generic;machine=x86_64;openssl=1.1.0f;curl=7.47.0), BlockCypher-Request-Id: 3232238090171415054338816989, Content-Length: 80, , 
[15-09-2017 12:04:43] BlockCypher\Core\BlockCypherHttpConnection: DEBUG	: Request Data		: {"name":"jjorge@example.com","addresses":["mtrsyGu1oou4g82sepD3QbYTU4NRxBSF1W"]}
--------------------------------------------------------------------------------------------------------------------------------

[15-09-2017 12:04:43] BlockCypher\Core\BlockCypherHttpConnection: INFO	: Response Status 	: 409
[15-09-2017 12:04:43] BlockCypher\Core\BlockCypherHttpConnection: DEBUG	: Response Headers	: HTTP/1.1 409 Conflict, Server: nginx/1.13.4, Date: Fri, 15 Sep 2017 00:04:45 GMT, Content-Type: application/json, Content-Length: 33, Connection: keep-alive, Access-Control-Allow-Headers: Origin, X-Requested-With, Content-Type, Accept, Access-Control-Allow-Methods: GET, POST, PUT, DELETE, Access-Control-Allow-Origin: *, X-Ratelimit-Remaining: 1, , 
[15-09-2017 12:04:43] BlockCypher\Core\BlockCypherHttpConnection: ERROR	: Got Http response code 409 when accessing https://api.blockcypher.com/v1/btc/test3/wallets?token=e6dc11f4817741b4a1092e9cca8504ed. {"error": "Error: wallet exists"}
[15-09-2017 12:04:43] BlockCypher\Core\BlockCypherHttpConnection: DEBUG	: 

================================================================================================================================

[15-09-2017 12:09:47] BlockCypher\Core\BlockCypherHttpConnection: INFO	: POST https://api.blockcypher.com/v1/btc/test3/addrs?token=e6dc11f4817741b4a1092e9cca8504ed
[15-09-2017 12:09:47] BlockCypher\Core\BlockCypherHttpConnection: DEBUG	: Request Headers 	: POST /v1/btc/test3/addrs?token=e6dc11f4817741b4a1092e9cca8504ed HTTP/1.1, Host: api.blockcypher.com, Accept: */*, Content-Type: application/json, User-Agent: BlockCypherSDK/BlockCypher-PHP-SDK 1.5.0 (lang=PHP;v=7.1.8-2+ubuntu16.04.1+deb.sury.org+4;bit=64;os=Linux_4.4.0-51-generic;machine=x86_64;openssl=1.1.0f;curl=7.47.0), BlockCypher-Request-Id: 3232238090171515054341866293, Content-Length: 0, , 
[15-09-2017 12:09:47] BlockCypher\Core\BlockCypherHttpConnection: DEBUG	: No Request Payload
--------------------------------------------------------------------------------------------------------------------------------

[15-09-2017 12:09:47] BlockCypher\Core\BlockCypherHttpConnection: INFO	: Response Status 	: 201
[15-09-2017 12:09:47] BlockCypher\Core\BlockCypherHttpConnection: DEBUG	: Response Headers	: HTTP/1.1 201 Created, Server: nginx/1.13.4, Date: Fri, 15 Sep 2017 00:09:49 GMT, Content-Type: application/json, Content-Length: 281, Connection: keep-alive, Access-Control-Allow-Headers: Origin, X-Requested-With, Content-Type, Accept, Access-Control-Allow-Methods: GET, POST, PUT, DELETE, Access-Control-Allow-Origin: *, X-Ratelimit-Remaining: 199, , 
[15-09-2017 12:09:47] BlockCypher\Core\BlockCypherHttpConnection: DEBUG	: Response Data 	: {
  "private": "bbaa75c6b15a5b663b18ded7e302ef9891dcab995223158dc2fb331e5f597807",
  "public": "03cbefcdbaeb0e1efcc4b1c650ed673195433e420705cd53743f810c12e819ecad",
  "address": "mtPBFrvDAbugH726zwEGs7gyqnoacgoXvY",
  "wif": "cTsVvjYgTiXGxTBvFBokJetH5b4mH1kup86i6KAdQ3cUkctGQE6C"
}

================================================================================================================================

[15-09-2017 12:09:47] BlockCypher\Core\BlockCypherHttpConnection: INFO	: POST https://api.blockcypher.com/v1/btc/test3/wallets?token=e6dc11f4817741b4a1092e9cca8504ed
[15-09-2017 12:09:48] BlockCypher\Core\BlockCypherHttpConnection: DEBUG	: Request Headers 	: POST /v1/btc/test3/wallets?token=e6dc11f4817741b4a1092e9cca8504ed HTTP/1.1, Host: api.blockcypher.com, Accept: */*, Content-Type: application/json, User-Agent: BlockCypherSDK/BlockCypher-PHP-SDK 1.5.0 (lang=PHP;v=7.1.8-2+ubuntu16.04.1+deb.sury.org+4;bit=64;os=Linux_4.4.0-51-generic;machine=x86_64;openssl=1.1.0f;curl=7.47.0), BlockCypher-Request-Id: 3232238090171515054341866293, Content-Length: 80, , 
[15-09-2017 12:09:48] BlockCypher\Core\BlockCypherHttpConnection: DEBUG	: Request Data		: {"name":"jjorge@example.com","addresses":["mtPBFrvDAbugH726zwEGs7gyqnoacgoXvY"]}
--------------------------------------------------------------------------------------------------------------------------------

[15-09-2017 12:09:48] BlockCypher\Core\BlockCypherHttpConnection: INFO	: Response Status 	: 409
[15-09-2017 12:09:48] BlockCypher\Core\BlockCypherHttpConnection: DEBUG	: Response Headers	: HTTP/1.1 409 Conflict, Server: nginx/1.13.4, Date: Fri, 15 Sep 2017 00:09:50 GMT, Content-Type: application/json, Content-Length: 33, Connection: keep-alive, Access-Control-Allow-Headers: Origin, X-Requested-With, Content-Type, Accept, Access-Control-Allow-Methods: GET, POST, PUT, DELETE, Access-Control-Allow-Origin: *, X-Ratelimit-Remaining: 199, , 
[15-09-2017 12:09:48] BlockCypher\Core\BlockCypherHttpConnection: ERROR	: Got Http response code 409 when accessing https://api.blockcypher.com/v1/btc/test3/wallets?token=e6dc11f4817741b4a1092e9cca8504ed. {"error": "Error: wallet exists"}
[15-09-2017 12:09:48] BlockCypher\Core\BlockCypherHttpConnection: DEBUG	: 

================================================================================================================================

[15-09-2017 12:11:54] BlockCypher\Core\BlockCypherHttpConnection: INFO	: POST https://api.blockcypher.com/v1/btc/test3/addrs?token=e6dc11f4817741b4a1092e9cca8504ed
[15-09-2017 12:11:55] BlockCypher\Core\BlockCypherHttpConnection: DEBUG	: Request Headers 	: POST /v1/btc/test3/addrs?token=e6dc11f4817741b4a1092e9cca8504ed HTTP/1.1, Host: api.blockcypher.com, Accept: */*, Content-Type: application/json, User-Agent: BlockCypherSDK/BlockCypher-PHP-SDK 1.5.0 (lang=PHP;v=7.1.8-2+ubuntu16.04.1+deb.sury.org+4;bit=64;os=Linux_4.4.0-51-generic;machine=x86_64;openssl=1.1.0f;curl=7.47.0), BlockCypher-Request-Id: 32322380901714150543431359417, Content-Length: 0, , 
[15-09-2017 12:11:55] BlockCypher\Core\BlockCypherHttpConnection: DEBUG	: No Request Payload
--------------------------------------------------------------------------------------------------------------------------------

[15-09-2017 12:11:55] BlockCypher\Core\BlockCypherHttpConnection: INFO	: Response Status 	: 201
[15-09-2017 12:11:55] BlockCypher\Core\BlockCypherHttpConnection: DEBUG	: Response Headers	: HTTP/1.1 201 Created, Server: nginx/1.13.4, Date: Fri, 15 Sep 2017 00:11:57 GMT, Content-Type: application/json, Content-Length: 281, Connection: keep-alive, Access-Control-Allow-Headers: Origin, X-Requested-With, Content-Type, Accept, Access-Control-Allow-Methods: GET, POST, PUT, DELETE, Access-Control-Allow-Origin: *, X-Ratelimit-Remaining: 198, , 
[15-09-2017 12:11:55] BlockCypher\Core\BlockCypherHttpConnection: DEBUG	: Response Data 	: {
  "private": "6e48f523b05137055f68faa96da999a2c853c09de2e1df531e39b9e611337983",
  "public": "02736dd30e07885638ad46aba943857f0c14592d44a63108cd1b06a3dd3ab9762b",
  "address": "mrPPhp4jMvCshaNb5DVBREGWeoJ4Qsk5xS",
  "wif": "cRH5fad47tr9JHdAiRbtRcSF8pR1UppwbAHLbiH1cVuExFghs8bV"
}

================================================================================================================================

[15-09-2017 12:11:55] BlockCypher\Core\BlockCypherHttpConnection: INFO	: POST https://api.blockcypher.com/v1/btc/test3/wallets?token=e6dc11f4817741b4a1092e9cca8504ed
[15-09-2017 12:11:56] BlockCypher\Core\BlockCypherHttpConnection: DEBUG	: Request Headers 	: POST /v1/btc/test3/wallets?token=e6dc11f4817741b4a1092e9cca8504ed HTTP/1.1, Host: api.blockcypher.com, Accept: */*, Content-Type: application/json, User-Agent: BlockCypherSDK/BlockCypher-PHP-SDK 1.5.0 (lang=PHP;v=7.1.8-2+ubuntu16.04.1+deb.sury.org+4;bit=64;os=Linux_4.4.0-51-generic;machine=x86_64;openssl=1.1.0f;curl=7.47.0), BlockCypher-Request-Id: 32322380901714150543431359417, Content-Length: 80, , 
[15-09-2017 12:11:56] BlockCypher\Core\BlockCypherHttpConnection: DEBUG	: Request Data		: {"name":"jjorge@support.com","addresses":["mrPPhp4jMvCshaNb5DVBREGWeoJ4Qsk5xS"]}
--------------------------------------------------------------------------------------------------------------------------------

[15-09-2017 12:11:56] BlockCypher\Core\BlockCypherHttpConnection: INFO	: Response Status 	: 201
[15-09-2017 12:11:56] BlockCypher\Core\BlockCypherHttpConnection: DEBUG	: Response Headers	: HTTP/1.1 201 Created, Server: nginx/1.13.4, Date: Fri, 15 Sep 2017 00:11:58 GMT, Content-Type: application/json, Content-Length: 144, Connection: keep-alive, Access-Control-Allow-Headers: Origin, X-Requested-With, Content-Type, Accept, Access-Control-Allow-Methods: GET, POST, PUT, DELETE, Access-Control-Allow-Origin: *, X-Ratelimit-Remaining: 197, , 
[15-09-2017 12:11:56] BlockCypher\Core\BlockCypherHttpConnection: DEBUG	: Response Data 	: {
  "token": "e6dc11f4817741b4a1092e9cca8504ed",
  "name": "jjorge@support.com",
  "addresses": [
    "mrPPhp4jMvCshaNb5DVBREGWeoJ4Qsk5xS"
  ]
}

================================================================================================================================

[15-09-2017 12:23:43] BlockCypher\Core\BlockCypherHttpConnection: INFO	: POST https://api.blockcypher.com/v1/btc/test3/addrs?token=e6dc11f4817741b4a1092e9cca8504ed
[15-09-2017 12:23:43] BlockCypher\Core\BlockCypherHttpConnection: DEBUG	: Request Headers 	: POST /v1/btc/test3/addrs?token=e6dc11f4817741b4a1092e9cca8504ed HTTP/1.1, Host: api.blockcypher.com, Accept: */*, Content-Type: application/json, User-Agent: BlockCypherSDK/BlockCypher-PHP-SDK 1.5.0 (lang=PHP;v=7.1.8-2+ubuntu16.04.1+deb.sury.org+4;bit=64;os=Linux_4.4.0-51-generic;machine=x86_64;openssl=1.1.0f;curl=7.47.0), BlockCypher-Request-Id: 32322380901715150543502248215, Content-Length: 0, , 
[15-09-2017 12:23:43] BlockCypher\Core\BlockCypherHttpConnection: DEBUG	: No Request Payload
--------------------------------------------------------------------------------------------------------------------------------

[15-09-2017 12:23:43] BlockCypher\Core\BlockCypherHttpConnection: INFO	: Response Status 	: 201
[15-09-2017 12:23:43] BlockCypher\Core\BlockCypherHttpConnection: DEBUG	: Response Headers	: HTTP/1.1 201 Created, Server: nginx/1.13.4, Date: Fri, 15 Sep 2017 00:23:45 GMT, Content-Type: application/json, Content-Length: 281, Connection: keep-alive, Access-Control-Allow-Headers: Origin, X-Requested-With, Content-Type, Accept, Access-Control-Allow-Methods: GET, POST, PUT, DELETE, Access-Control-Allow-Origin: *, X-Ratelimit-Remaining: 190, , 
[15-09-2017 12:23:43] BlockCypher\Core\BlockCypherHttpConnection: DEBUG	: Response Data 	: {
  "private": "cf8ba39675f11497f75cf45bc4b59b8a065000c7826dc0a5b911039f9ebc85b3",
  "public": "02dbfb0e20ebadc1275b833928898c8e137facb02e0f00c8138376b27736942f44",
  "address": "mpTRfshw3PTC3jNABdTwkRHHYwgG3HaYWq",
  "wif": "cUY9EyowiCSAiBiaRB2cpWrHjtHQZFk2DEbJ7YcomfxFWrcr5BkX"
}

================================================================================================================================

[15-09-2017 12:23:43] BlockCypher\Core\BlockCypherHttpConnection: INFO	: POST https://api.blockcypher.com/v1/btc/test3/wallets?token=e6dc11f4817741b4a1092e9cca8504ed
[15-09-2017 12:23:44] BlockCypher\Core\BlockCypherHttpConnection: DEBUG	: Request Headers 	: POST /v1/btc/test3/wallets?token=e6dc11f4817741b4a1092e9cca8504ed HTTP/1.1, Host: api.blockcypher.com, Accept: */*, Content-Type: application/json, User-Agent: BlockCypherSDK/BlockCypher-PHP-SDK 1.5.0 (lang=PHP;v=7.1.8-2+ubuntu16.04.1+deb.sury.org+4;bit=64;os=Linux_4.4.0-51-generic;machine=x86_64;openssl=1.1.0f;curl=7.47.0), BlockCypher-Request-Id: 32322380901715150543502248215, Content-Length: 78, , 
[15-09-2017 12:23:44] BlockCypher\Core\BlockCypherHttpConnection: DEBUG	: Request Data		: {"name":"jjorge@fubar.com","addresses":["mpTRfshw3PTC3jNABdTwkRHHYwgG3HaYWq"]}
--------------------------------------------------------------------------------------------------------------------------------

[15-09-2017 12:23:44] BlockCypher\Core\BlockCypherHttpConnection: INFO	: Response Status 	: 201
[15-09-2017 12:23:44] BlockCypher\Core\BlockCypherHttpConnection: DEBUG	: Response Headers	: HTTP/1.1 201 Created, Server: nginx/1.13.4, Date: Fri, 15 Sep 2017 00:23:46 GMT, Content-Type: application/json, Content-Length: 142, Connection: keep-alive, Access-Control-Allow-Headers: Origin, X-Requested-With, Content-Type, Accept, Access-Control-Allow-Methods: GET, POST, PUT, DELETE, Access-Control-Allow-Origin: *, X-Ratelimit-Remaining: 194, , 
[15-09-2017 12:23:44] BlockCypher\Core\BlockCypherHttpConnection: DEBUG	: Response Data 	: {
  "token": "e6dc11f4817741b4a1092e9cca8504ed",
  "name": "jjorge@fubar.com",
  "addresses": [
    "mpTRfshw3PTC3jNABdTwkRHHYwgG3HaYWq"
  ]
}

================================================================================================================================

